<?xml version="1.0" encoding="UTF-8"?>
<!-- Generated by org.testng.reporters.JUnitXMLReporter -->
<testsuite ignored="0" hostname="STAR-PC" failures="0" tests="12" name="Default test" time="39.878" errors="0" timestamp="2023-08-04T10:48:02 IST">
  <testcase classname="api.Testcases.TestuserDD" name="postusers" time="14.661"/>
  <testcase classname="api.Testcases.TestuserDD" name="postusers" time="1.225"/>
  <testcase classname="api.Testcases.TestuserDD" name="postusers" time="1.24"/>
  <testcase classname="api.Testcases.TestuserDD" name="Getusers" time="1.565"/>
  <testcase classname="api.Testcases.TestuserDD" name="Getusers" time="2.839"/>
  <testcase classname="api.Testcases.TestuserDD" name="Getusers" time="1.177"/>
  <testcase classname="api.Testcases.TestuserDD" name="Putusers" time="1.237"/>
  <testcase classname="api.Testcases.TestuserDD" name="Putusers" time="1.198"/>
  <testcase classname="api.Testcases.TestuserDD" name="Putusers" time="1.204"/>
  <testcase classname="api.Testcases.TestuserDD" name="Deleteusers" time="1.186"/>
  <testcase classname="api.Testcases.TestuserDD" name="Deleteusers" time="1.171"/>
  <testcase classname="api.Testcases.TestuserDD" name="Deleteusers" time="1.142"/>
</testsuite> <!-- Default test -->
