<?xml version="1.0" encoding="UTF-8"?>
<!-- Generated by org.testng.reporters.JUnitXMLReporter -->
<testsuite ignored="0" hostname="STAR-PC" failures="0" tests="12" name="Test" time="31.89" errors="0" timestamp="2023-08-04T10:53:49 IST">
  <testcase classname="api.Testcases.TestuserDD" name="postusers" time="14.437"/>
  <testcase classname="api.Testcases.TestuserDD" name="postusers" time="1.279"/>
  <testcase classname="api.Testcases.TestuserDD" name="postusers" time="1.251"/>
  <testcase classname="api.Testcases.TestuserDD" name="Getusers" time="1.241"/>
  <testcase classname="api.Testcases.TestuserDD" name="Getusers" time="1.208"/>
  <testcase classname="api.Testcases.TestuserDD" name="Getusers" time="1.198"/>
  <testcase classname="api.Testcases.TestuserDD" name="Putusers" time="1.178"/>
  <testcase classname="api.Testcases.TestuserDD" name="Putusers" time="1.19"/>
  <testcase classname="api.Testcases.TestuserDD" name="Putusers" time="1.233"/>
  <testcase classname="api.Testcases.TestuserDD" name="Deleteusers" time="1.139"/>
  <testcase classname="api.Testcases.TestuserDD" name="Deleteusers" time="1.157"/>
  <testcase classname="api.Testcases.TestuserDD" name="Deleteusers" time="1.219"/>
</testsuite> <!-- Test -->
