<?xml version="1.0" encoding="UTF-8"?>
<testng-results ignored="0" total="12" passed="12" failed="0" skipped="0">
  <reporter-output>
  </reporter-output>
  <suite started-at="2023-08-04T10:53:16 IST" name="Suite" finished-at="2023-08-04T10:53:48 IST" duration-ms="31890">
    <groups>
    </groups>
    <test started-at="2023-08-04T10:53:16 IST" name="Test" finished-at="2023-08-04T10:53:48 IST" duration-ms="31890">
      <class name="api.Testcases.TestuserDD">
        <test-method signature="postusers([Ljava.lang.String;)[pri:1, instance:api.Testcases.TestuserDD@156b88f5]" started-at="2023-08-04T10:53:19 IST" name="postusers" data-provider="data" finished-at="2023-08-04T10:53:34 IST" duration-ms="14437" status="PASS">
          <params>
            <param index="0">
              <value>
                <![CDATA[[Ljava.lang.String;@4948daec]]>
              </value>
            </param>
          </params>
          <reporter-output>
          </reporter-output>
        </test-method> <!-- postusers -->
        <test-method signature="postusers([Ljava.lang.String;)[pri:1, instance:api.Testcases.TestuserDD@156b88f5]" started-at="2023-08-04T10:53:34 IST" name="postusers" data-provider="data" finished-at="2023-08-04T10:53:35 IST" duration-ms="1279" status="PASS">
          <params>
            <param index="0">
              <value>
                <![CDATA[[Ljava.lang.String;@7de5871d]]>
              </value>
            </param>
          </params>
          <reporter-output>
          </reporter-output>
        </test-method> <!-- postusers -->
        <test-method signature="postusers([Ljava.lang.String;)[pri:1, instance:api.Testcases.TestuserDD@156b88f5]" started-at="2023-08-04T10:53:35 IST" name="postusers" data-provider="data" finished-at="2023-08-04T10:53:36 IST" duration-ms="1251" status="PASS">
          <params>
            <param index="0">
              <value>
                <![CDATA[[Ljava.lang.String;@49d42faf]]>
              </value>
            </param>
          </params>
          <reporter-output>
          </reporter-output>
        </test-method> <!-- postusers -->
        <test-method signature="Getusers(java.lang.String)[pri:2, instance:api.Testcases.TestuserDD@156b88f5]" started-at="2023-08-04T10:53:36 IST" name="Getusers" data-provider="username" finished-at="2023-08-04T10:53:38 IST" duration-ms="1241" status="PASS">
          <params>
            <param index="0">
              <value>
                <![CDATA[Trio]]>
              </value>
            </param>
          </params>
          <reporter-output>
          </reporter-output>
        </test-method> <!-- Getusers -->
        <test-method signature="Getusers(java.lang.String)[pri:2, instance:api.Testcases.TestuserDD@156b88f5]" started-at="2023-08-04T10:53:38 IST" name="Getusers" data-provider="username" finished-at="2023-08-04T10:53:39 IST" duration-ms="1208" status="PASS">
          <params>
            <param index="0">
              <value>
                <![CDATA[Hcl]]>
              </value>
            </param>
          </params>
          <reporter-output>
          </reporter-output>
        </test-method> <!-- Getusers -->
        <test-method signature="Getusers(java.lang.String)[pri:2, instance:api.Testcases.TestuserDD@156b88f5]" started-at="2023-08-04T10:53:39 IST" name="Getusers" data-provider="username" finished-at="2023-08-04T10:53:40 IST" duration-ms="1198" status="PASS">
          <params>
            <param index="0">
              <value>
                <![CDATA[TCS]]>
              </value>
            </param>
          </params>
          <reporter-output>
          </reporter-output>
        </test-method> <!-- Getusers -->
        <test-method signature="Putusers(java.lang.String)[pri:3, instance:api.Testcases.TestuserDD@156b88f5]" started-at="2023-08-04T10:53:40 IST" name="Putusers" data-provider="username" finished-at="2023-08-04T10:53:42 IST" duration-ms="1178" status="PASS">
          <params>
            <param index="0">
              <value>
                <![CDATA[Trio]]>
              </value>
            </param>
          </params>
          <reporter-output>
          </reporter-output>
        </test-method> <!-- Putusers -->
        <test-method signature="Putusers(java.lang.String)[pri:3, instance:api.Testcases.TestuserDD@156b88f5]" started-at="2023-08-04T10:53:42 IST" name="Putusers" data-provider="username" finished-at="2023-08-04T10:53:43 IST" duration-ms="1190" status="PASS">
          <params>
            <param index="0">
              <value>
                <![CDATA[Hcl]]>
              </value>
            </param>
          </params>
          <reporter-output>
          </reporter-output>
        </test-method> <!-- Putusers -->
        <test-method signature="Putusers(java.lang.String)[pri:3, instance:api.Testcases.TestuserDD@156b88f5]" started-at="2023-08-04T10:53:43 IST" name="Putusers" data-provider="username" finished-at="2023-08-04T10:53:44 IST" duration-ms="1233" status="PASS">
          <params>
            <param index="0">
              <value>
                <![CDATA[TCS]]>
              </value>
            </param>
          </params>
          <reporter-output>
          </reporter-output>
        </test-method> <!-- Putusers -->
        <test-method signature="Deleteusers(java.lang.String)[pri:4, instance:api.Testcases.TestuserDD@156b88f5]" started-at="2023-08-04T10:53:44 IST" name="Deleteusers" data-provider="username" finished-at="2023-08-04T10:53:45 IST" duration-ms="1139" status="PASS">
          <params>
            <param index="0">
              <value>
                <![CDATA[Trio]]>
              </value>
            </param>
          </params>
          <reporter-output>
          </reporter-output>
        </test-method> <!-- Deleteusers -->
        <test-method signature="Deleteusers(java.lang.String)[pri:4, instance:api.Testcases.TestuserDD@156b88f5]" started-at="2023-08-04T10:53:45 IST" name="Deleteusers" data-provider="username" finished-at="2023-08-04T10:53:46 IST" duration-ms="1157" status="PASS">
          <params>
            <param index="0">
              <value>
                <![CDATA[Hcl]]>
              </value>
            </param>
          </params>
          <reporter-output>
          </reporter-output>
        </test-method> <!-- Deleteusers -->
        <test-method signature="Deleteusers(java.lang.String)[pri:4, instance:api.Testcases.TestuserDD@156b88f5]" started-at="2023-08-04T10:53:46 IST" name="Deleteusers" data-provider="username" finished-at="2023-08-04T10:53:48 IST" duration-ms="1219" status="PASS">
          <params>
            <param index="0">
              <value>
                <![CDATA[TCS]]>
              </value>
            </param>
          </params>
          <reporter-output>
          </reporter-output>
        </test-method> <!-- Deleteusers -->
      </class> <!-- api.Testcases.TestuserDD -->
    </test> <!-- Test -->
  </suite> <!-- Suite -->
</testng-results>
